2025-10-29 03:22:03,588 [INFO] WebApp:194 - Connection lost
2025-10-29 03:22:06,589 [INFO] WebApp:191 - Connection restablished
2025-10-29 03:22:10,048 [INFO] WebApp:194 - Connection lost
2025-10-29 03:22:10,518 [INFO] WebApp:191 - Connection restablished
2025-10-29 03:27:08,145 [INFO] WebApp:194 - Connection lost
2025-10-29 03:27:09,065 [INFO] WebApp:191 - Connection restablished
2025-10-29 17:28:29,901 [INFO] MainUpdater:2872 - connection check result : 10
2025-10-29 17:28:29,901 [INFO] MainUpdater:2872 - connection check result : 10
2025-10-29 17:28:29,910 [INFO] MicroXplorer:468 - Change Database Path : 
2025-10-29 17:28:29,911 [INFO] MicroXplorer:498 - Change Database Version : DB.6.0.150
2025-10-29 17:28:29,940 [ERROR] ProjectManagerView:395 - 
java.lang.NullPointerException: Cannot invoke "javax.swing.JTextField.getText()" because the return value of "java.util.List.get(int)" is null
	at com.st.microxplorer.plugins.projectmanager.gui.ProjectChoiceTab$9.caretUpdate(ProjectChoiceTab.java:2706) ~[filemanager.jar:?]
	at javax.swing.text.JTextComponent.fireCaretUpdate(JTextComponent.java:408) ~[?:?]
	at javax.swing.text.JTextComponent$MutableCaretEvent.fire(JTextComponent.java:4484) ~[?:?]
	at javax.swing.text.JTextComponent$MutableCaretEvent.stateChanged(JTextComponent.java:4506) ~[?:?]
	at javax.swing.text.DefaultCaret.fireStateChanged(DefaultCaret.java:857) ~[?:?]
	at javax.swing.text.DefaultCaret.changeCaretPosition(DefaultCaret.java:1343) ~[?:?]
	at javax.swing.text.DefaultCaret.handleSetDot(DefaultCaret.java:1242) ~[?:?]
	at javax.swing.text.DefaultCaret.setDot(DefaultCaret.java:1223) ~[?:?]
	at javax.swing.text.DefaultCaret$Handler.insertUpdate(DefaultCaret.java:1819) ~[?:?]
	at javax.swing.text.AbstractDocument.fireInsertUpdate(AbstractDocument.java:227) ~[?:?]
	at javax.swing.text.AbstractDocument.handleInsertString(AbstractDocument.java:781) ~[?:?]
	at javax.swing.text.AbstractDocument.insertString(AbstractDocument.java:740) ~[?:?]
	at javax.swing.text.PlainDocument.insertString(PlainDocument.java:131) ~[?:?]
	at javax.swing.text.AbstractDocument.replace(AbstractDocument.java:699) ~[?:?]
	at javax.swing.text.JTextComponent.setText(JTextComponent.java:1725) ~[?:?]
	at com.st.microxplorer.plugins.projectmanager.gui.ProjectChoiceTab.createHeapStackFields(ProjectChoiceTab.java:993) ~[filemanager.jar:?]
	at com.st.microxplorer.plugins.projectmanager.gui.ProjectChoiceTab.buildLinkSettingsPanel(ProjectChoiceTab.java:3813) ~[filemanager.jar:?]
	at com.st.microxplorer.plugins.projectmanager.gui.ProjectChoiceTab.defineWindowsFields(ProjectChoiceTab.java:1987) ~[filemanager.jar:?]
	at com.st.microxplorer.plugins.projectmanager.gui.ProjectChoiceTab.updateSettings(ProjectChoiceTab.java:558) ~[filemanager.jar:?]
	at com.st.microxplorer.plugins.projectmanager.gui.ProjectSettingsPanel.UpdateDialog(ProjectSettingsPanel.java:247) ~[filemanager.jar:?]
	at com.st.microxplorer.plugins.projectmanager.ProjectManagerView.propertyChange(ProjectManagerView.java:392) ~[filemanager.jar:?]
	at java.beans.PropertyChangeSupport.fire(PropertyChangeSupport.java:343) ~[?:?]
	at java.beans.PropertyChangeSupport.firePropertyChange(PropertyChangeSupport.java:335) ~[?:?]
	at java.beans.PropertyChangeSupport.firePropertyChange(PropertyChangeSupport.java:268) ~[?:?]
	at com.st.microxplorer.util.MXPropertyChangeSupport.firePropertyChange(MXPropertyChangeSupport.java:54) ~[STM32CubeMX.jar:?]
	at com.st.microxplorer.mxsystem.MxSystem.closeConfig(MxSystem.java:899) ~[STM32CubeMX.jar:?]
	at com.st.microxplorer.maingui.MainPanel.closeConfig(MainPanel.java:792) ~[STM32CubeMX.jar:?]
	at com.st.microxplorer.plugins.filemanager.engine.OpenFileManager.loadConfigurationFile(OpenFileManager.java:288) ~[filemanager.jar:?]
	at com.st.microxplorer.plugins.filemanager.engine.MainFileManager.userLoadConfig(MainFileManager.java:364) ~[filemanager.jar:?]
	at com.st.microxplorer.plugins.filemanager.engine.MainFileManager.userLoadConfig(MainFileManager.java:342) ~[filemanager.jar:?]
	at com.st.microxplorer.plugins.filemanager.FileManagerView.getSpecificTask(FileManagerView.java:264) ~[filemanager.jar:?]
	at com.st.stm32cube.common.mx.editor.CubeMxEditor.getMxTabbedPaneInstance(CubeMxEditor.java:1198) ~[com.st.stm32cube.common.mx_6.15.0.202507011659/:?]
	at com.st.stm32cube.common.mx.editor.CubeMxEditor$12$1.createSwingComponent(CubeMxEditor.java:1068) ~[com.st.stm32cube.common.mx_6.15.0.202507011659/:?]
	at com.st.stm32cube.common.mx.oss.core.awtswtbridge.EmbeddedSwingComposite.doComponentCreation(EmbeddedSwingComposite.java:492) ~[com.st.stm32cube.common.mx.oss_6.15.0.202507011659/:?]
	at com.st.stm32cube.common.mx.oss.core.awtswtbridge.EmbeddedSwingComposite$4.run(EmbeddedSwingComposite.java:291) ~[com.st.stm32cube.common.mx.oss_6.15.0.202507011659/:?]
	at com.st.stm32cube.common.mx.oss.core.awtswtbridge.AwtEnvironment$2.run(AwtEnvironment.java:166) ~[com.st.stm32cube.common.mx.oss_6.15.0.202507011659/:?]
	at java.awt.event.InvocationEvent.dispatch(InvocationEvent.java:318) ~[?:?]
	at java.awt.EventQueue.dispatchEventImpl(EventQueue.java:773) ~[?:?]
	at java.awt.EventQueue$4.run(EventQueue.java:720) ~[?:?]
	at java.awt.EventQueue$4.run(EventQueue.java:714) ~[?:?]
	at java.security.AccessController.doPrivileged(AccessController.java:400) ~[?:?]
	at java.security.ProtectionDomain$JavaSecurityAccessImpl.doIntersectionPrivilege(ProtectionDomain.java:87) ~[?:?]
	at java.awt.EventQueue.dispatchEvent(EventQueue.java:742) ~[?:?]
	at java.awt.EventDispatchThread.pumpOneEventForFilters(EventDispatchThread.java:203) ~[?:?]
	at java.awt.EventDispatchThread.pumpEventsForFilter(EventDispatchThread.java:124) ~[?:?]
	at java.awt.EventDispatchThread.pumpEventsForHierarchy(EventDispatchThread.java:113) ~[?:?]
	at java.awt.EventDispatchThread.pumpEvents(EventDispatchThread.java:109) ~[?:?]
	at java.awt.EventDispatchThread.pumpEvents(EventDispatchThread.java:101) ~[?:?]
	at java.awt.EventDispatchThread.run(EventDispatchThread.java:90) ~[?:?]
2025-10-29 17:28:29,942 [WARN] ThirdParty:871 - waiting for thirdparty lock release [close project]
2025-10-29 17:28:29,942 [INFO] ThirdParty:873 - entering critical section [close project]
2025-10-29 17:28:29,942 [INFO] ThirdParty:883 - exiting critical section [close project]
2025-10-29 17:28:29,944 [INFO] PinOutPanel:1589 - setPackage(No Configuration,No Configuration)
2025-10-29 17:28:29,961 [WARN] IpParametersView:155 - Warning: This peripheral hasn't parameters
2025-10-29 17:28:29,968 [WARN] MainPanel:289 - <html><b><center>Warning: This peripheral has no parameters to be configured<br></b></html>
2025-10-29 17:28:29,972 [INFO] UtilMem:75 - Begin LoadConfig() Used Memory: 407109560 Bytes (852492288)
2025-10-29 17:28:29,973 [INFO] MicroXplorer:468 - Change Database Path : 
2025-10-29 17:28:29,973 [INFO] MicroXplorer:498 - Change Database Version : DB.6.0.150
2025-10-29 17:28:29,973 [INFO] OpenFileManager:355 - Change cursor
2025-10-29 17:28:30,007 [INFO] RulesReader:64 - Compatibility file has been processed (317 Rules)
2025-10-29 17:28:30,012 [INFO] Mcu:2029 - Initializing MCU STM32F411R(C-E)Tx STM32F411RETx STM32F411RET6
2025-10-29 17:28:30,531 [INFO] Context:786 - Trying to add GPIOservice into a context  which must be forbidden
2025-10-29 17:28:30,799 [INFO] ImportTextPane:234 - (OptionalMessage_ERROR) Pin7 (VP_RIF_VS_RIF1) cannot be retrieved for this MCU
2025-10-29 17:28:30,835 [INFO] RtosManager:558 - Registered RTOS mode: class=CMSIS, group=RTOS, mode=CMSIS_V1, owner=FREERTOS
2025-10-29 17:28:30,835 [INFO] RtosManager:558 - Registered RTOS mode: class=CMSIS, group=RTOS2, mode=CMSIS_V2, owner=FREERTOS
2025-10-29 17:28:30,835 [INFO] RtosManager:558 - Registered RTOS mode: class=RTOS, group=Core, mode=CMSIS_V1, owner=FREERTOS
2025-10-29 17:28:30,835 [INFO] RtosManager:558 - Registered RTOS mode: class=RTOS, group=Core, mode=CMSIS_V2, owner=FREERTOS
2025-10-29 17:28:30,835 [WARN] ModelIntegratedComponent:184 - Missing modes for component STMicroelectronics:FreeRTOS:0.0.1:STMicroelectronics:RTOS:FreeRTOS:Core:::10.2.0:
2025-10-29 17:28:30,837 [WARN] ModelIntegratedComponent:182 - Modes not found for component STMicroelectronics:USB_HOST:1.0.0:STMicroelectronics:USB::USB Host:Audio HS::1.0:USB_HOST_1_0_RESTRICTED_HS
2025-10-29 17:28:30,838 [WARN] ModelIntegratedComponent:188 - Modes not found for component STMicroelectronics:USB_HOST:1.0.0:STMicroelectronics:USB::USB Host:Audio HS::1.0:USB_HOST_1_0_RESTRICTED_HS
2025-10-29 17:28:30,838 [WARN] ModelIntegratedComponent:182 - Modes not found for component STMicroelectronics:USB_HOST:1.0.0:STMicroelectronics:USB::USB Host:CDC HS::1.0:USB_HOST_1_0_RESTRICTED_HS
2025-10-29 17:28:30,838 [WARN] ModelIntegratedComponent:188 - Modes not found for component STMicroelectronics:USB_HOST:1.0.0:STMicroelectronics:USB::USB Host:CDC HS::1.0:USB_HOST_1_0_RESTRICTED_HS
2025-10-29 17:28:30,838 [WARN] ModelIntegratedComponent:182 - Modes not found for component STMicroelectronics:USB_HOST:1.0.0:STMicroelectronics:USB::USB Host:MSC HS::1.0:USB_HOST_1_0_RESTRICTED_HS
2025-10-29 17:28:30,838 [WARN] ModelIntegratedComponent:188 - Modes not found for component STMicroelectronics:USB_HOST:1.0.0:STMicroelectronics:USB::USB Host:MSC HS::1.0:USB_HOST_1_0_RESTRICTED_HS
2025-10-29 17:28:30,838 [WARN] ModelIntegratedComponent:182 - Modes not found for component STMicroelectronics:USB_HOST:1.0.0:STMicroelectronics:USB::USB Host:HID HS::1.0:USB_HOST_1_0_RESTRICTED_HS
2025-10-29 17:28:30,838 [WARN] ModelIntegratedComponent:188 - Modes not found for component STMicroelectronics:USB_HOST:1.0.0:STMicroelectronics:USB::USB Host:HID HS::1.0:USB_HOST_1_0_RESTRICTED_HS
2025-10-29 17:28:30,838 [WARN] ModelIntegratedComponent:182 - Modes not found for component STMicroelectronics:USB_HOST:1.0.0:STMicroelectronics:USB::USB Host:MTP HS::1.0:USB_HOST_1_0_RESTRICTED_HS
2025-10-29 17:28:30,838 [WARN] ModelIntegratedComponent:188 - Modes not found for component STMicroelectronics:USB_HOST:1.0.0:STMicroelectronics:USB::USB Host:MTP HS::1.0:USB_HOST_1_0_RESTRICTED_HS
2025-10-29 17:28:30,842 [WARN] ModelIntegratedComponent:63 - No mode defined for component null
2025-10-29 17:28:30,842 [WARN] ModelIntegratedComponent:63 - No mode defined for component null
2025-10-29 17:28:30,842 [WARN] ModelIntegratedComponent:63 - No mode defined for component null
2025-10-29 17:28:30,842 [WARN] ModelIntegratedComponent:63 - No mode defined for component null
2025-10-29 17:28:30,842 [WARN] ModelIntegratedComponent:63 - No mode defined for component null
2025-10-29 17:28:30,842 [WARN] ModelIntegratedComponent:63 - No mode defined for component null
2025-10-29 17:28:30,842 [WARN] ModelIntegratedComponent:63 - No mode defined for component null
2025-10-29 17:28:30,842 [WARN] ModelIntegratedComponent:63 - No mode defined for component null
2025-10-29 17:28:30,842 [WARN] ModelIntegratedComponent:63 - No mode defined for component null
2025-10-29 17:28:30,843 [WARN] ModelIntegratedComponent:63 - No mode defined for component null
2025-10-29 17:28:30,843 [WARN] ModelIntegratedComponent:63 - No mode defined for component null
2025-10-29 17:28:30,843 [WARN] ModelIntegratedComponent:63 - No mode defined for component null
2025-10-29 17:28:30,843 [WARN] ModelIntegratedComponent:63 - No mode defined for component null
2025-10-29 17:28:30,843 [WARN] ModelIntegratedComponent:63 - No mode defined for component null
2025-10-29 17:28:30,843 [WARN] ModelIntegratedComponent:63 - No mode defined for component null
2025-10-29 17:28:30,843 [WARN] ModelIntegratedComponent:63 - No mode defined for component null
2025-10-29 17:28:30,843 [WARN] ModelIntegratedComponent:63 - No mode defined for component null
2025-10-29 17:28:30,843 [WARN] ModelIntegratedComponent:63 - No mode defined for component null
2025-10-29 17:28:30,843 [WARN] ModelIntegratedComponent:63 - No mode defined for component null
2025-10-29 17:28:30,843 [WARN] ModelIntegratedComponent:63 - No mode defined for component null
2025-10-29 17:28:30,843 [WARN] ModelIntegratedComponent:63 - No mode defined for component null
2025-10-29 17:28:30,843 [WARN] ModelIntegratedComponent:63 - No mode defined for component null
2025-10-29 17:28:30,843 [WARN] ModelIntegratedComponent:63 - No mode defined for component null
2025-10-29 17:28:30,844 [WARN] ModelIntegratedComponent:63 - No mode defined for component null
2025-10-29 17:28:30,844 [WARN] ModelIntegratedComponent:63 - No mode defined for component null
2025-10-29 17:28:30,844 [WARN] ModelIntegratedComponent:63 - No mode defined for component null
2025-10-29 17:28:30,844 [WARN] ModelIntegratedComponent:63 - No mode defined for component null
2025-10-29 17:28:30,844 [WARN] ModelIntegratedComponent:63 - No mode defined for component null
2025-10-29 17:28:30,844 [WARN] ModelIntegratedComponent:63 - No mode defined for component null
2025-10-29 17:28:30,844 [WARN] ModelIntegratedComponent:63 - No mode defined for component null
2025-10-29 17:28:30,844 [WARN] ModelIntegratedComponent:63 - No mode defined for component null
2025-10-29 17:28:30,844 [WARN] ModelIntegratedComponent:63 - No mode defined for component null
2025-10-29 17:28:30,844 [WARN] ModelIntegratedComponent:63 - No mode defined for component null
2025-10-29 17:28:30,844 [WARN] ModelIntegratedComponent:63 - No mode defined for component null
2025-10-29 17:28:30,844 [WARN] ModelIntegratedComponent:63 - No mode defined for component null
2025-10-29 17:28:30,844 [WARN] ModelPack:524 - Component already loaded: STMicroelectronics:HAL Drivers:0.0.0:STMicroelectronics:Device:STMicro_Driver:XSPI:HAL::0.0.1:HAL_XSPI
2025-10-29 17:28:30,881 [WARN] ModelIntegratedComponent:182 - Modes not found for component STMicroelectronics:USB_DEVICE:1.0.0:STMicroelectronics:USB::USB Device:Audio HS::1.0:USB_DEVICE_1_0_RESTRICTED_HS
2025-10-29 17:28:30,881 [WARN] ModelIntegratedComponent:188 - Modes not found for component STMicroelectronics:USB_DEVICE:1.0.0:STMicroelectronics:USB::USB Device:Audio HS::1.0:USB_DEVICE_1_0_RESTRICTED_HS
2025-10-29 17:28:30,881 [WARN] ModelIntegratedComponent:182 - Modes not found for component STMicroelectronics:USB_DEVICE:1.0.0:STMicroelectronics:USB::USB Device:CDC HS::1.0:USB_DEVICE_1_0_RESTRICTED_HS
2025-10-29 17:28:30,882 [WARN] ModelIntegratedComponent:188 - Modes not found for component STMicroelectronics:USB_DEVICE:1.0.0:STMicroelectronics:USB::USB Device:CDC HS::1.0:USB_DEVICE_1_0_RESTRICTED_HS
2025-10-29 17:28:30,882 [WARN] ModelIntegratedComponent:182 - Modes not found for component STMicroelectronics:USB_DEVICE:1.0.0:STMicroelectronics:USB::USB Device:DFU HS::1.0:USB_DEVICE_1_0_RESTRICTED_HS
2025-10-29 17:28:30,882 [WARN] ModelIntegratedComponent:188 - Modes not found for component STMicroelectronics:USB_DEVICE:1.0.0:STMicroelectronics:USB::USB Device:DFU HS::1.0:USB_DEVICE_1_0_RESTRICTED_HS
2025-10-29 17:28:30,882 [WARN] ModelIntegratedComponent:182 - Modes not found for component STMicroelectronics:USB_DEVICE:1.0.0:STMicroelectronics:USB::USB Device:HID HS::1.0:USB_DEVICE_1_0_RESTRICTED_HS
2025-10-29 17:28:30,882 [WARN] ModelIntegratedComponent:188 - Modes not found for component STMicroelectronics:USB_DEVICE:1.0.0:STMicroelectronics:USB::USB Device:HID HS::1.0:USB_DEVICE_1_0_RESTRICTED_HS
2025-10-29 17:28:30,882 [WARN] ModelIntegratedComponent:182 - Modes not found for component STMicroelectronics:USB_DEVICE:1.0.0:STMicroelectronics:USB::USB Device:Custom HID HS::1.0:USB_DEVICE_1_0_RESTRICTED_HS
2025-10-29 17:28:30,882 [WARN] ModelIntegratedComponent:188 - Modes not found for component STMicroelectronics:USB_DEVICE:1.0.0:STMicroelectronics:USB::USB Device:Custom HID HS::1.0:USB_DEVICE_1_0_RESTRICTED_HS
2025-10-29 17:28:30,882 [WARN] ModelIntegratedComponent:182 - Modes not found for component STMicroelectronics:USB_DEVICE:1.0.0:STMicroelectronics:USB::USB Device:MSC HS::1.0:USB_DEVICE_1_0_RESTRICTED_HS
2025-10-29 17:28:30,882 [WARN] ModelIntegratedComponent:188 - Modes not found for component STMicroelectronics:USB_DEVICE:1.0.0:STMicroelectronics:USB::USB Device:MSC HS::1.0:USB_DEVICE_1_0_RESTRICTED_HS
2025-10-29 17:28:30,889 [INFO] ThirdPartyModel:298 - Start build external matchings
2025-10-29 17:28:31,193 [INFO] ThirdPartyModel:316 - End build external matchings
2025-10-29 17:28:31,207 [INFO] ImportTextPane:234 - (OptionalMessage_ERROR) IP (RCC) : Parameter (48MHZClocksFreq_Value) has invalid value (50000000)
2025-10-29 17:28:31,208 [INFO] ImportTextPane:234 - (OptionalMessage_ERROR) IP (RCC) : Parameter (RTCHSEDivFreq_Value) has invalid value (4000000)
2025-10-29 17:28:31,301 [INFO] UtilMem:75 - End LoadConfig() Used Memory: 606399992 Bytes (874512384)
2025-10-29 17:28:31,313 [WARN] ThirdParty:833 - waiting for thirdparty lock release [change project]
2025-10-29 17:28:31,313 [INFO] ThirdParty:835 - entering critical section [change project]
2025-10-29 17:28:31,313 [INFO] ThirdParty:1030 - CMSIS Pack Vendor :STMicroelectronics X-CUBE-PM33A1 1.0.0
2025-10-29 17:28:31,313 [INFO] ThirdParty:1030 - CMSIS Pack Vendor :STMicroelectronics USBPD 4.1
2025-10-29 17:28:31,313 [INFO] ThirdParty:1030 - CMSIS Pack Vendor :STMicroelectronics X-CUBE-NFC9 1.0.0
2025-10-29 17:28:31,313 [INFO] ThirdParty:1030 - CMSIS Pack Vendor :STMicroelectronics USB_HOST 2.0.0
2025-10-29 17:28:31,313 [INFO] ThirdParty:1030 - CMSIS Pack Vendor :STMicroelectronics FP-SNS-MOTENVWB1 1.4.0
2025-10-29 17:28:31,313 [INFO] ThirdParty:1030 - CMSIS Pack Vendor :STMicroelectronics X-CUBE-AZRTOS-F4 1.1.0
2025-10-29 17:28:31,313 [INFO] ThirdParty:1030 - CMSIS Pack Vendor :STMicroelectronics LIBJPEG 8.0.0
2025-10-29 17:28:31,313 [INFO] ThirdParty:1030 - CMSIS Pack Vendor :STMicroelectronics FP-ATR-ASTRA1 2.0.2
2025-10-29 17:28:31,313 [INFO] ThirdParty:1030 - CMSIS Pack Vendor :wolfSSL I-CUBE-wolfSSL 5.8.2
2025-10-29 17:28:31,313 [INFO] ThirdParty:1030 - CMSIS Pack Vendor :STMicroelectronics X-CUBE-BLE1 7.1.0
2025-10-29 17:28:31,313 [INFO] ThirdParty:1030 - CMSIS Pack Vendor :STMicroelectronics X-CUBE-SMBUS 2.1.0
2025-10-29 17:28:31,313 [INFO] ThirdParty:1030 - CMSIS Pack Vendor :wolfSSL I-CUBE-wolfMQTT 1.19.2
2025-10-29 17:28:31,313 [INFO] ThirdParty:1030 - CMSIS Pack Vendor :STMicroelectronics USB_DEVICE 3.0.0
2025-10-29 17:28:31,314 [INFO] ThirdParty:1030 - CMSIS Pack Vendor :STMicroelectronics X-CUBE-ISPU 2.1.0
2025-10-29 17:28:31,314 [INFO] ThirdParty:1030 - CMSIS Pack Vendor :STMicroelectronics X-CUBE-EEPRMA1 5.2.0
2025-10-29 17:28:31,314 [INFO] ThirdParty:1030 - CMSIS Pack Vendor :STMicroelectronics X-CUBE-IPS 3.2.0
2025-10-29 17:28:31,314 [INFO] ThirdParty:1030 - CMSIS Pack Vendor :STMicroelectronics X-CUBE-BLEMGR 4.1.0
2025-10-29 17:28:31,314 [INFO] ThirdParty:1030 - CMSIS Pack Vendor :STMicroelectronics X-CUBE-AZRTOS-WB 2.0.0
2025-10-29 17:28:31,314 [INFO] ThirdParty:1030 - CMSIS Pack Vendor :STMicroelectronics X-CUBE-ST60 1.0.0
2025-10-29 17:28:31,314 [INFO] ThirdParty:1030 - CMSIS Pack Vendor :STMicroelectronics X-CUBE-GNSS1 7.0.1
2025-10-29 17:28:31,314 [INFO] ThirdParty:1030 - CMSIS Pack Vendor :STMicroelectronics X-CUBE-NFC12 1.0.0
2025-10-29 17:28:31,314 [INFO] ThirdParty:1030 - CMSIS Pack Vendor :STMicroelectronics X-CUBE-AZRTOS-F7 1.1.0
2025-10-29 17:28:31,314 [INFO] ThirdParty:1030 - CMSIS Pack Vendor :STMicroelectronics X-CUBE-AZRTOS-L5 2.0.0
2025-10-29 17:28:31,314 [INFO] ThirdParty:1030 - CMSIS Pack Vendor :STMicroelectronics USB_DEVICE 2.0.0
2025-10-29 17:28:31,314 [INFO] ThirdParty:1030 - CMSIS Pack Vendor :STMicroelectronics X-CUBE-NFC6 3.1.0
2025-10-29 17:28:31,314 [INFO] ThirdParty:1030 - CMSIS Pack Vendor :STMicroelectronics X-CUBE-ST67W61 1.1.0
2025-10-29 17:28:31,314 [INFO] ThirdParty:1030 - CMSIS Pack Vendor :Cesanta I-CUBE-Mongoose 7.19.0
2025-10-29 17:28:31,314 [INFO] ThirdParty:1030 - CMSIS Pack Vendor :quantropi X-CUBE-qispace-sdk-base 2.1.0
2025-10-29 17:28:31,314 [INFO] ThirdParty:1030 - CMSIS Pack Vendor :STMicroelectronics FreeRTOS 0.0.1
2025-10-29 17:28:31,314 [INFO] ThirdParty:1030 - CMSIS Pack Vendor :STMicroelectronics X-CUBE-AZRTOS-G0 1.1.0
2025-10-29 17:28:31,314 [INFO] ThirdParty:1030 - CMSIS Pack Vendor :STMicroelectronics X-CUBE-SAFEA1 1.2.2
2025-10-29 17:28:31,315 [INFO] ThirdParty:1030 - CMSIS Pack Vendor :STMicroelectronics X-CUBE-NFC4 3.0.0
2025-10-29 17:28:31,315 [INFO] ThirdParty:1030 - CMSIS Pack Vendor :STMicroelectronics X-CUBE-SUBG2 5.0.0
2025-10-29 17:28:31,315 [INFO] ThirdParty:1030 - CMSIS Pack Vendor :STMicroelectronics X-CUBE-AZRTOS-H7RS 1.1.0
2025-10-29 17:28:31,315 [INFO] ThirdParty:1030 - CMSIS Pack Vendor :STMicroelectronics STM32_WPAN 1.0.0
2025-10-29 17:28:31,316 [INFO] ThirdParty:1030 - CMSIS Pack Vendor :EmbeddedOffice I-CUBE-FS-RTOS 1.0.1
2025-10-29 17:28:31,316 [INFO] ThirdParty:1030 - CMSIS Pack Vendor :STMicroelectronics lwIP 2.0.3
2025-10-29 17:28:31,316 [INFO] ThirdParty:1030 - CMSIS Pack Vendor :WES I-CUBE-Cesium 1.4.0
2025-10-29 17:28:31,316 [INFO] ThirdParty:1030 - CMSIS Pack Vendor :STMicroelectronics USB_HOST 1.0.0
2025-10-29 17:28:31,316 [INFO] ThirdParty:1030 - CMSIS Pack Vendor :Infineon AIROC-Wi-Fi-Bluetooth-STM32 1.7.1
2025-10-29 17:28:31,316 [INFO] ThirdParty:1030 - CMSIS Pack Vendor :STMicroelectronics X-CUBE-AZRTOS-G4 2.0.0
2025-10-29 17:28:31,316 [INFO] ThirdParty:1030 - CMSIS Pack Vendor :STMicroelectronics X-CUBE-WB05N 2.0.0
2025-10-29 17:28:31,316 [INFO] ThirdParty:1030 - CMSIS Pack Vendor :STMicroelectronics PDM2PCM 3.1.0
2025-10-29 17:28:31,316 [INFO] ThirdParty:1030 - CMSIS Pack Vendor :STMicroelectronics PDM2PCM 3.3.0
2025-10-29 17:28:31,316 [INFO] ThirdParty:1030 - CMSIS Pack Vendor :wolfSSL I-CUBE-wolfTPM 3.8.0
2025-10-29 17:28:31,316 [INFO] ThirdParty:1030 - CMSIS Pack Vendor :STMicroelectronics X-CUBE-AZRTOS-H7 3.4.0
2025-10-29 17:28:31,316 [INFO] ThirdParty:1030 - CMSIS Pack Vendor :STMicroelectronics X-CUBE-DISPLAY 3.0.0
2025-10-29 17:28:31,316 [INFO] ThirdParty:1030 - CMSIS Pack Vendor :wolfSSL I-CUBE-wolfSSH 1.4.20
2025-10-29 17:28:31,316 [INFO] ThirdParty:1030 - CMSIS Pack Vendor :STMicroelectronics X-CUBE-NFC7 2.0.0
2025-10-29 17:28:31,316 [INFO] ThirdParty:1030 - CMSIS Pack Vendor :STMicroelectronics X-CUBE-TCPP 4.2.0
2025-10-29 17:28:31,316 [INFO] ThirdParty:1030 - CMSIS Pack Vendor :RealThread X-CUBE-RT-Thread_Nano 4.1.1
2025-10-29 17:28:31,316 [INFO] ThirdParty:1030 - CMSIS Pack Vendor :STMicroelectronics FP-ATR-SIGFOX1 3.2.0
2025-10-29 17:28:31,316 [INFO] ThirdParty:1030 - CMSIS Pack Vendor :STMicroelectronics X-CUBE-NFC10 1.0.0
2025-10-29 17:28:31,316 [INFO] ThirdParty:1030 - CMSIS Pack Vendor :STMicroelectronics X-CUBE-FREERTOS 1.3.1
2025-10-29 17:28:31,316 [INFO] ThirdParty:1030 - CMSIS Pack Vendor :STMicroelectronics HAL Drivers 0.0.0
2025-10-29 17:28:31,316 [INFO] ThirdParty:1030 - CMSIS Pack Vendor :STMicroelectronics MBEDTLS 2.16.2
2025-10-29 17:28:31,316 [INFO] ThirdParty:1030 - CMSIS Pack Vendor :STMicroelectronics X-CUBE-ST60 1.1.0
2025-10-29 17:28:31,316 [INFO] ThirdParty:1030 - CMSIS Pack Vendor :STMicroelectronics X-CUBE-IPS 3.1.0
2025-10-29 17:28:31,316 [INFO] ThirdParty:1030 - CMSIS Pack Vendor :STMicroelectronics X-CUBE-ALS 1.0.2
2025-10-29 17:28:31,316 [INFO] ThirdParty:1030 - CMSIS Pack Vendor :emotas I-CUBE-CANOPEN 1.3.0
2025-10-29 17:28:31,317 [INFO] ThirdParty:1030 - CMSIS Pack Vendor :STMicroelectronics MBEDTLS 2.14.1
2025-10-29 17:28:31,317 [INFO] ThirdParty:1030 - CMSIS Pack Vendor :ITTIA_DB I-CUBE-ITTIADB 8.9.0
2025-10-29 17:28:31,317 [INFO] ThirdParty:1030 - CMSIS Pack Vendor :STMicroelectronics X-CUBE-TOUCHGFX 4.26.0
2025-10-29 17:28:31,317 [INFO] ThirdParty:1030 - CMSIS Pack Vendor :STMicroelectronics X-CUBE-STSE01 1.0.0
2025-10-29 17:28:31,317 [INFO] ThirdParty:1030 - CMSIS Pack Vendor :STMicroelectronics X-CUBE-ST67W61 1.0.0
2025-10-29 17:28:31,317 [INFO] ThirdParty:1030 - CMSIS Pack Vendor :STMicroelectronics FP-SNS-STBOX1 2.1.0
2025-10-29 17:28:31,317 [INFO] ThirdParty:1030 - CMSIS Pack Vendor :STMicroelectronics X-CUBE-AI 10.2.0
2025-10-29 17:28:31,317 [INFO] ThirdParty:1030 - CMSIS Pack Vendor :STMicroelectronics FP-SNS-STAIOTCFT 1.0.0
2025-10-29 17:28:31,317 [INFO] ThirdParty:1030 - CMSIS Pack Vendor :STMicroelectronics ThreadX 1.0.0
2025-10-29 17:28:31,317 [INFO] ThirdParty:1030 - CMSIS Pack Vendor :STMicroelectronics FP-SNS-SMARTAG2 1.2.0
2025-10-29 17:28:31,317 [INFO] ThirdParty:1030 - CMSIS Pack Vendor :STMicroelectronics FP-SNS-FLIGHT1 5.1.0
2025-10-29 17:28:31,317 [INFO] ThirdParty:1030 - CMSIS Pack Vendor :STMicroelectronics X-CUBE-AZRTOS-WL 2.0.0
2025-10-29 17:28:31,317 [INFO] ThirdParty:1030 - CMSIS Pack Vendor :SEGGER I-CUBE-embOS 1.3.1
2025-10-29 17:28:31,317 [INFO] ThirdParty:1030 - CMSIS Pack Vendor :STMicroelectronics X-CUBE-ALGOBUILD 1.4.0
2025-10-29 17:28:31,317 [INFO] ThirdParty:1030 - CMSIS Pack Vendor :STMicroelectronics X-CUBE-DPower 1.3.0
2025-10-29 17:28:31,317 [INFO] ThirdParty:1030 - CMSIS Pack Vendor :STMicroelectronics X-CUBE-MEMS1 11.3.0
2025-10-29 17:28:31,317 [INFO] ThirdParty:1030 - CMSIS Pack Vendor :STMicroelectronics FP-SNS-MOTENV1 5.0.0
2025-10-29 17:28:31,317 [INFO] ThirdParty:1030 - CMSIS Pack Vendor :STMicroelectronics USB_DEVICE 1.0.0
2025-10-29 17:28:31,317 [INFO] ThirdParty:1030 - CMSIS Pack Vendor :STMicroelectronics X-CUBE-AZRTOS-L4 2.0.0
2025-10-29 17:28:31,317 [INFO] ThirdParty:1030 - CMSIS Pack Vendor :STMicroelectronics ThreadX 0.0.2
2025-10-29 17:28:31,317 [INFO] ThirdParty:1030 - CMSIS Pack Vendor :STMicroelectronics lwIP 2.1.2
2025-10-29 17:28:31,317 [INFO] ThirdParty:1030 - CMSIS Pack Vendor :STMicroelectronics X-CUBE-SFXS2LP1 4.0.0
2025-10-29 17:28:31,317 [INFO] ThirdParty:1030 - CMSIS Pack Vendor :STMicroelectronics X-CUBE-BLE2 3.3.0
2025-10-29 17:28:31,317 [INFO] ThirdParty:1030 - CMSIS Pack Vendor :STMicroelectronics X-CUBE-TOF1 3.4.3
2025-10-29 17:28:31,317 [INFO] ThirdParty:1030 - CMSIS Pack Vendor :STMicroelectronics PDM2PCM 3.2.0
2025-10-29 17:28:31,317 [INFO] ThirdParty:841 - exiting critical section [change project]
2025-10-29 17:28:31,564 [INFO] PinOutPanel:1589 - setPackage(No Configuration,No Configuration)
2025-10-29 17:28:31,565 [INFO] PinOutPanel:1589 - setPackage(STM32F411RETx,LQFP64)
2025-10-29 17:28:31,732 [INFO] UtilMem:75 - Before build in PCC Used Memory: 802993912 Bytes (874512384)
2025-10-29 17:28:31,923 [INFO] UtilMem:75 - After build in PCC Used Memory: 382067320 Bytes (874512384)
2025-10-29 17:28:31,936 [INFO] IPUIPlugin:80 - create IPUIPlugin
2025-10-29 17:28:31,936 [INFO] IPUIPlugin:80 - create IPUIPlugin
2025-10-29 17:28:31,936 [INFO] IPUIPlugin:80 - create IPUIPlugin
2025-10-29 17:28:31,936 [INFO] IPUIPlugin:80 - create IPUIPlugin
2025-10-29 17:28:31,936 [INFO] IPUIPlugin:80 - create IPUIPlugin
2025-10-29 17:28:31,936 [INFO] IPUIPlugin:80 - create IPUIPlugin
2025-10-29 17:28:31,936 [INFO] IPUIPlugin:80 - create IPUIPlugin
2025-10-29 17:28:31,936 [INFO] IPUIPlugin:80 - create IPUIPlugin
2025-10-29 17:28:31,937 [INFO] IPUIPlugin:80 - create IPUIPlugin
2025-10-29 17:28:31,937 [INFO] IPUIPlugin:80 - create IPUIPlugin
2025-10-29 17:28:31,937 [INFO] IPUIPlugin:80 - create IPUIPlugin
2025-10-29 17:28:31,937 [INFO] IPUIPlugin:80 - create IPUIPlugin
2025-10-29 17:28:31,937 [INFO] IPUIPlugin:80 - create IPUIPlugin
2025-10-29 17:28:31,937 [INFO] IPUIPlugin:80 - create IPUIPlugin
2025-10-29 17:28:31,937 [INFO] IPUIPlugin:80 - create IPUIPlugin
2025-10-29 17:28:31,937 [INFO] IPUIPlugin:80 - create IPUIPlugin
2025-10-29 17:28:31,937 [INFO] IPUIPlugin:80 - create IPUIPlugin
2025-10-29 17:28:31,937 [INFO] IPUIPlugin:80 - create IPUIPlugin
2025-10-29 17:28:31,937 [INFO] IPUIPlugin:80 - create IPUIPlugin
2025-10-29 17:28:31,937 [INFO] IPUIPlugin:80 - create IPUIPlugin
2025-10-29 17:28:31,937 [INFO] IPUIPlugin:80 - create IPUIPlugin
2025-10-29 17:28:31,938 [INFO] IPUIPlugin:80 - create IPUIPlugin
2025-10-29 17:28:31,938 [INFO] IPUIPlugin:80 - create IPUIPlugin
2025-10-29 17:28:31,938 [INFO] IPUIPlugin:80 - create IPUIPlugin
2025-10-29 17:28:31,938 [INFO] IPUIPlugin:80 - create IPUIPlugin
2025-10-29 17:28:31,938 [INFO] IPUIPlugin:80 - create IPUIPlugin
2025-10-29 17:28:31,938 [INFO] IPUIPlugin:80 - create IPUIPlugin
2025-10-29 17:28:31,938 [INFO] IPUIPlugin:80 - create IPUIPlugin
2025-10-29 17:28:31,938 [INFO] IPUIPlugin:80 - create IPUIPlugin
2025-10-29 17:28:31,938 [INFO] IPUIPlugin:80 - create IPUIPlugin
2025-10-29 17:28:31,938 [INFO] IPUIPlugin:80 - create IPUIPlugin
2025-10-29 17:28:31,938 [INFO] IPUIPlugin:80 - create IPUIPlugin
2025-10-29 17:28:31,938 [INFO] IPUIPlugin:80 - create IPUIPlugin
2025-10-29 17:28:31,938 [INFO] IPUIPlugin:80 - create IPUIPlugin
2025-10-29 17:28:31,938 [INFO] IPUIPlugin:80 - create IPUIPlugin
2025-10-29 17:28:31,939 [INFO] IPUIPlugin:80 - create IPUIPlugin
2025-10-29 17:28:31,939 [INFO] IPUIPlugin:80 - create IPUIPlugin
2025-10-29 17:28:31,939 [INFO] IPUIPlugin:80 - create IPUIPlugin
2025-10-29 17:28:31,939 [INFO] IPUIPlugin:80 - create IPUIPlugin
2025-10-29 17:28:31,939 [INFO] IPUIPlugin:80 - create IPUIPlugin
2025-10-29 17:28:31,939 [INFO] IPUIPlugin:80 - create IPUIPlugin
2025-10-29 17:28:31,939 [INFO] IPUIPlugin:80 - create IPUIPlugin
2025-10-29 17:28:31,939 [INFO] IPUIPlugin:80 - create IPUIPlugin
2025-10-29 17:28:31,942 [INFO] ApiDbMcu:532 - Load IP Config File for PDM2PCM
2025-10-29 17:28:31,958 [INFO] CADModel:165 - CPN selected for project levelSTM32F411RET6
2025-10-29 17:28:31,958 [INFO] CADModel:114 - Register for checkConnection events
2025-10-29 17:28:31,995 [INFO] OpenFileManager:386 - Restore cursor
2025-10-29 17:28:40,328 [INFO] NvicIntPanel:101 - NVIC parent = com.st.microxplorer.plugins.ip.nvic.MultiNvicIntPanel[,0,0,0x0,invalid,layout=javax.swing.BoxLayout,alignmentX=0.0,alignmentY=0.0,border=,flags=9,maximumSize=,minimumSize=,preferredSize=]
2025-10-29 17:28:42,138 [INFO] NvicIntPanel:101 - NVIC parent = com.st.microxplorer.plugins.ip.nvic.MultiNvicIntPanel[,0,0,0x0,invalid,layout=javax.swing.BoxLayout,alignmentX=0.0,alignmentY=0.0,border=,flags=9,maximumSize=,minimumSize=,preferredSize=]
2025-10-29 17:28:44,404 [INFO] NvicIntPanel:101 - NVIC parent = com.st.microxplorer.plugins.ip.nvic.MultiNvicIntPanel[,0,0,0x0,invalid,layout=javax.swing.BoxLayout,alignmentX=0.0,alignmentY=0.0,border=,flags=9,maximumSize=,minimumSize=,preferredSize=]
2025-10-29 17:28:45,279 [INFO] NvicIntPanel:101 - NVIC parent = com.st.microxplorer.plugins.ip.nvic.MultiNvicIntPanel[,0,0,0x0,invalid,layout=javax.swing.BoxLayout,alignmentX=0.0,alignmentY=0.0,border=,flags=9,maximumSize=,minimumSize=,preferredSize=]
2025-10-29 17:28:46,838 [INFO] NvicIntPanel:101 - NVIC parent = com.st.microxplorer.plugins.ip.nvic.MultiNvicIntPanel[,0,0,0x0,invalid,layout=javax.swing.BoxLayout,alignmentX=0.0,alignmentY=0.0,border=,flags=9,maximumSize=,minimumSize=,preferredSize=]
2025-10-29 17:29:01,833 [INFO] NvicIntPanel:101 - NVIC parent = com.st.microxplorer.plugins.ip.nvic.MultiNvicIntPanel[,0,0,0x0,invalid,layout=javax.swing.BoxLayout,alignmentX=0.0,alignmentY=0.0,border=,flags=9,maximumSize=,minimumSize=,preferredSize=]
2025-10-29 17:29:11,926 [INFO] UtilMem:75 - End SaveConfig() Used Memory: 698570656 Bytes (874512384)
2025-10-29 17:29:13,026 [INFO] UtilMem:75 - End SaveConfig() Used Memory: 719381248 Bytes (874512384)
2025-10-29 17:29:14,022 [INFO] UtilMem:75 - End SaveConfig() Used Memory: 350010240 Bytes (874512384)
2025-10-29 17:29:14,148 [INFO] BlockDiagram:2775 - set Specific Code input for plugin: NVIC
2025-10-29 17:29:14,148 [INFO] BlockDiagram:2775 - set Specific Code input for plugin: USART
2025-10-29 17:29:14,148 [INFO] BlockDiagram:2775 - set Specific Code input for plugin: USART
2025-10-29 17:29:14,148 [INFO] BlockDiagram:2775 - set Specific Code input for plugin: SYS
2025-10-29 17:29:14,148 [INFO] BlockDiagram:2775 - set Specific Code input for plugin: GPIO
2025-10-29 17:29:14,148 [INFO] BlockDiagram:2775 - set Specific Code input for plugin: RCC
2025-10-29 17:29:14,148 [INFO] CodeGenerator:892 - code generatio: config db path: /opt/st/stm32cubeide_1.19.0/plugins/com.st.stm32cube.common.mx_6.15.0.202507011659//db/
2025-10-29 17:29:14,183 [INFO] CodeEngine:265 - oldGeneratedFile, /home/user21/workspace_dhw/arm/Class/98_RCcar_test2/MXTmpFiles/license.tmp_save
2025-10-29 17:29:14,359 [INFO] CodeEngine:289 - Generated code: /home/user21/workspace_dhw/arm/Class/98_RCcar_test2/MXTmpFiles/license.tmp
2025-10-29 17:29:14,386 [INFO] CodeEngine:265 - oldGeneratedFile, /home/user21/workspace_dhw/arm/Class/98_RCcar_test2/Core/Src/gpio.c_save
2025-10-29 17:29:14,466 [INFO] CodeEngine:289 - Generated code: /home/user21/workspace_dhw/arm/Class/98_RCcar_test2/Core/Src/gpio.c
2025-10-29 17:29:14,467 [INFO] CodeEngine:265 - oldGeneratedFile, /home/user21/workspace_dhw/arm/Class/98_RCcar_test2/Core/Inc/gpio.h_save
2025-10-29 17:29:14,523 [INFO] CodeEngine:289 - Generated code: /home/user21/workspace_dhw/arm/Class/98_RCcar_test2/Core/Inc/gpio.h
2025-10-29 17:29:14,565 [INFO] CodeEngine:265 - oldGeneratedFile, /home/user21/workspace_dhw/arm/Class/98_RCcar_test2/Core/Src/usart.c_save
2025-10-29 17:29:14,670 [INFO] CodeEngine:289 - Generated code: /home/user21/workspace_dhw/arm/Class/98_RCcar_test2/Core/Src/usart.c
2025-10-29 17:29:14,671 [INFO] CodeEngine:265 - oldGeneratedFile, /home/user21/workspace_dhw/arm/Class/98_RCcar_test2/Core/Inc/usart.h_save
2025-10-29 17:29:14,713 [INFO] CodeEngine:289 - Generated code: /home/user21/workspace_dhw/arm/Class/98_RCcar_test2/Core/Inc/usart.h
2025-10-29 17:29:14,715 [INFO] CodeEngine:265 - oldGeneratedFile, /home/user21/workspace_dhw/arm/Class/98_RCcar_test2/Core/Src/stm32f4xx_it.c_save
2025-10-29 17:29:14,803 [INFO] CodeEngine:289 - Generated code: /home/user21/workspace_dhw/arm/Class/98_RCcar_test2/Core/Src/stm32f4xx_it.c
2025-10-29 17:29:14,804 [INFO] CodeEngine:265 - oldGeneratedFile, /home/user21/workspace_dhw/arm/Class/98_RCcar_test2/Core/Inc/stm32f4xx_it.h_save
2025-10-29 17:29:14,844 [INFO] CodeEngine:289 - Generated code: /home/user21/workspace_dhw/arm/Class/98_RCcar_test2/Core/Inc/stm32f4xx_it.h
2025-10-29 17:29:14,847 [INFO] CodeEngine:265 - oldGeneratedFile, /home/user21/workspace_dhw/arm/Class/98_RCcar_test2/Core/Src/stm32f4xx_hal_msp.c_save
2025-10-29 17:29:14,896 [INFO] CodeEngine:289 - Generated code: /home/user21/workspace_dhw/arm/Class/98_RCcar_test2/Core/Src/stm32f4xx_hal_msp.c
2025-10-29 17:29:14,896 [INFO] CodeEngine:265 - oldGeneratedFile, /home/user21/workspace_dhw/arm/Class/98_RCcar_test2/MXTmpFiles/system.tmp_save
2025-10-29 17:29:14,930 [INFO] CodeEngine:289 - Generated code: /home/user21/workspace_dhw/arm/Class/98_RCcar_test2/MXTmpFiles/system.tmp
2025-10-29 17:29:14,932 [INFO] CodeEngine:321 - oldGeneratedFile, /home/user21/workspace_dhw/arm/Class/98_RCcar_test2/Core/Inc/stm32f4xx_hal_conf.h_save
2025-10-29 17:29:14,973 [INFO] CodeEngine:345 - Generated code: /home/user21/workspace_dhw/arm/Class/98_RCcar_test2/Core/Inc/stm32f4xx_hal_conf.h
2025-10-29 17:29:14,986 [INFO] ApiDbMcu:532 - Load IP Config File for USART1
2025-10-29 17:29:14,987 [INFO] ApiDbMcu:532 - Load IP Config File for USART2
2025-10-29 17:29:14,989 [INFO] ApiDbMcu:532 - Load IP Config File for RCC
2025-10-29 17:29:14,993 [INFO] CodeEngine:265 - oldGeneratedFile, /home/user21/workspace_dhw/arm/Class/98_RCcar_test2/Core/Inc/main.h_save
2025-10-29 17:29:15,057 [INFO] CodeEngine:289 - Generated code: /home/user21/workspace_dhw/arm/Class/98_RCcar_test2/Core/Inc/main.h
2025-10-29 17:29:15,057 [INFO] CodeEngine:265 - oldGeneratedFile, /home/user21/workspace_dhw/arm/Class/98_RCcar_test2/Core/Src/main.c_save
2025-10-29 17:29:15,130 [INFO] CodeEngine:289 - Generated code: /home/user21/workspace_dhw/arm/Class/98_RCcar_test2/Core/Src/main.c
2025-10-29 17:29:15,280 [INFO] ProjectBuilder:3606 - Time for Copy HAL[1] : 14mS.
2025-10-29 17:29:15,282 [INFO] ProjectBuilder:5216 - Project Generator version: 4.7.0-B52
2025-10-29 17:29:15,330 [INFO] ConfigFileManager:1595 - The Die is : DIE431
2025-10-29 17:29:15,332 [INFO] ApiDbMcu:532 - Load IP Config File for FATFS
2025-10-29 17:29:15,335 [INFO] ApiDbMcu:532 - Load IP Config File for FREERTOS
2025-10-29 17:29:15,336 [INFO] ApiDbMcu:532 - Load IP Config File for LIBJPEG
2025-10-29 17:29:15,340 [INFO] ApiDbMcu:532 - Load IP Config File for MBEDTLS
2025-10-29 17:29:15,343 [INFO] ApiDbMcu:532 - Load IP Config File for USB_DEVICE
2025-10-29 17:29:15,344 [INFO] ApiDbMcu:532 - Load IP Config File for USB_HOST
2025-10-29 17:29:15,740 [INFO] ProjectBuilder:5496 - Time for Generating toolchain IDE Files: 458mS.
2025-10-29 17:29:15,741 [INFO] ProjectBuilder:3463 - Time for Copy CMSIS : 0mS.
2025-10-29 17:29:15,741 [INFO] ProjectBuilder:3463 - Time for Copy CMSIS : 0mS.
2025-10-29 19:46:16,741 [INFO] WebApp:194 - Connection lost
2025-10-29 19:46:25,660 [INFO] WebApp:191 - Connection restablished
2025-10-29 19:46:34,211 [INFO] WebApp:194 - Connection lost
2025-10-29 19:46:47,210 [INFO] WebApp:191 - Connection restablished
2025-10-29 19:46:47,825 [INFO] WebApp:194 - Connection lost
2025-10-29 19:46:47,990 [INFO] WebApp:191 - Connection restablished
2025-10-29 19:48:27,018 [INFO] WebApp:194 - Connection lost
2025-10-29 19:48:38,449 [INFO] WebApp:191 - Connection restablished
